12:05:02.935182 - Osvaldo Michael
12:05:02.947415 - Peter Jenkins
12:05:02.957774 - Brent Phillips
12:05:02.969402 - Alec Hooper
12:05:02.980637 - Ewan Richardson
12:05:02.990995 - Alec Hooper
12:05:03.002860 - Osvaldo Michael
12:05:03.013920 - Jayden Sutton
12:05:03.024781 - Freddie Morris
12:05:03.036043 - Osvaldo Michael
12:05:03.047237 - Luca Cox
12:05:03.057797 - Cristian Castaneda
12:05:03.069606 - Cristian Castaneda
12:05:03.079824 - Ewan Richardson
12:05:03.091580 - Peter Jenkins
12:05:03.103686 - Freddie Morris
12:05:03.116065 - Alec Hooper
12:05:03.126323 - Brent Phillips
12:05:03.137953 - Peter Jenkins
12:05:03.149753 - Elian Gallegos
12:05:03.161012 - Elian Gallegos
12:05:03.172906 - Elian Gallegos
12:05:03.184596 - Osvaldo Michael
12:05:03.194878 - Ewan Richardson
12:05:03.206451 - Jayden Sutton
12:05:03.217235 - Alec Hooper
12:05:03.228520 - Brent Phillips
12:05:03.240269 - Peter Jenkins
12:05:03.250965 - Osvaldo Michael
12:05:03.263278 - Osvaldo Michael
12:05:03.273894 - Ewan Richardson
12:05:03.286519 - Jayden Sutton
12:05:03.296930 - Alec Hooper
12:05:03.308864 - Freddie Morris
12:05:03.320754 - Luca Cox
12:05:03.331324 - Brent Phillips
12:05:03.344179 - Cristian Castaneda
12:05:03.354967 - Elian Gallegos
12:05:03.367222 - Ewan Richardson
12:05:03.378806 - Luca Cox
12:05:03.390617 - Cristian Castaneda
12:05:03.401776 - Luca Cox
12:05:03.413762 - Brent Phillips
12:05:03.425316 - Luca Cox
12:05:03.436345 - Luca Cox
12:05:03.448409 - Elian Gallegos
12:05:03.459232 - Luca Cox
12:05:03.469653 - Jayden Sutton
12:05:03.481316 - Jayden Sutton
12:05:03.492531 - Jayden Sutton
12:05:03.503731 - Elian Gallegos
12:05:03.516035 - Peter Jenkins
12:05:03.527092 - Elian Gallegos
12:05:03.540614 - Elian Gallegos
12:05:03.553106 - Freddie Morris
12:05:03.564372 - Peter Jenkins
12:05:03.576303 - Luca Cox
12:05:03.586772 - Peter Jenkins
12:05:03.597890 - Luca Cox
12:05:03.608396 - Elian Gallegos
12:05:03.620351 - Alec Hooper
12:05:03.632771 - Freddie Morris
12:05:03.644225 - Brent Phillips
12:05:03.654565 - Cristian Castaneda
12:05:03.667339 - Cristian Castaneda
12:05:03.678659 - Ewan Richardson
12:05:03.690482 - Osvaldo Michael
12:05:03.700681 - Luca Cox
12:05:03.712645 - Ewan Richardson
12:05:03.723520 - Peter Jenkins
12:05:03.733737 - Peter Jenkins
12:05:03.744496 - Peter Jenkins
12:05:03.755055 - Cristian Castaneda
12:05:03.765272 - Peter Jenkins
12:05:03.777111 - Cristian Castaneda
12:05:03.788178 - Elian Gallegos
12:05:03.798364 - Freddie Morris
12:05:03.811031 - Peter Jenkins
12:05:03.822243 - Freddie Morris
12:05:03.834790 - Alec Hooper
12:05:03.847259 - Freddie Morris
12:05:03.858031 - Peter Jenkins
12:05:03.870336 - Freddie Morris
12:05:03.880486 - Brent Phillips
12:05:03.892518 - Cristian Castaneda
12:05:03.904167 - Peter Jenkins
12:05:03.916878 - Osvaldo Michael
12:05:03.928759 - Cristian Castaneda
12:05:03.940465 - Freddie Morris
12:05:03.953513 - Peter Jenkins
12:05:03.966403 - Ewan Richardson
12:05:03.977705 - Elian Gallegos
12:05:03.989806 - Ewan Richardson
12:05:04.000290 - Ewan Richardson
12:05:04.011206 - Brent Phillips
12:05:04.022635 - Peter Jenkins
12:05:04.035696 - Peter Jenkins
12:05:04.047306 - Osvaldo Michael
12:05:04.058999 - Jayden Sutton
12:05:04.070744 - Luca Cox
12:05:04.082117 - Freddie Morris
12:05:04.093181 - Freddie Morris
12:05:04.103528 - Elian Gallegos
12:05:04.113835 - Luca Cox
12:05:04.124440 - Osvaldo Michael
12:05:04.137200 - Brent Phillips
12:05:04.148951 - Brent Phillips
12:05:04.161017 - Peter Jenkins
12:05:04.171306 - Freddie Morris
12:05:04.181616 - Ewan Richardson
12:05:04.193543 - Peter Jenkins
12:05:04.203823 - Ewan Richardson
12:05:04.214872 - Freddie Morris
12:05:04.225170 - Elian Gallegos
12:05:04.236772 - Peter Jenkins
12:05:04.247265 - Ewan Richardson
12:05:04.257740 - Freddie Morris
12:05:04.269963 - Jayden Sutton
12:05:04.281783 - Ewan Richardson
12:05:04.292234 - Elian Gallegos
12:05:04.304015 - Osvaldo Michael
12:05:04.314735 - Ewan Richardson
12:05:04.326505 - Alec Hooper
12:05:04.337078 - Elian Gallegos
12:05:04.347303 - Osvaldo Michael
12:05:04.357638 - Luca Cox
12:05:04.368391 - Alec Hooper
12:05:04.379039 - Elian Gallegos
12:05:04.391152 - Brent Phillips
12:05:04.401934 - Osvaldo Michael
12:05:04.413961 - Peter Jenkins
12:05:04.424095 - Elian Gallegos
12:05:04.434241 - Luca Cox
12:05:04.444377 - Ewan Richardson
12:05:04.456015 - Cristian Castaneda
12:05:04.468419 - Jayden Sutton
12:05:04.478886 - Brent Phillips
12:05:04.490290 - Brent Phillips
12:05:04.500503 - Elian Gallegos
12:05:04.511819 - Brent Phillips
12:05:04.524421 - Peter Jenkins
12:05:04.536773 - Elian Gallegos
12:05:04.547571 - Freddie Morris
12:05:04.558239 - Brent Phillips
12:05:04.570463 - Osvaldo Michael
12:05:04.580665 - Jayden Sutton
12:05:04.592072 - Ewan Richardson
12:05:04.604234 - Peter Jenkins
12:05:04.614547 - Freddie Morris
12:05:04.625240 - Freddie Morris
12:05:04.637334 - Peter Jenkins
12:05:04.649284 - Alec Hooper
12:05:04.660948 - Cristian Castaneda
12:05:04.671097 - Brent Phillips
12:05:04.681268 - Cristian Castaneda
12:05:04.693605 - Osvaldo Michael
12:05:04.703803 - Elian Gallegos
12:05:04.714257 - Elian Gallegos
12:05:04.724511 - Jayden Sutton
12:05:04.736874 - Elian Gallegos
12:05:04.747752 - Freddie Morris
12:05:04.757915 - Cristian Castaneda
12:05:04.768125 - Luca Cox
12:05:04.779678 - Freddie Morris
12:05:04.790928 - Peter Jenkins
12:05:04.801993 - Cristian Castaneda
12:05:04.814179 - Peter Jenkins
12:05:04.824715 - Osvaldo Michael
12:05:04.836915 - Elian Gallegos
12:05:04.849152 - Cristian Castaneda
12:05:04.861460 - Luca Cox
12:05:04.871793 - Elian Gallegos
12:05:04.882546 - Peter Jenkins
12:05:04.892883 - Freddie Morris
12:05:04.904347 - Alec Hooper
12:05:04.916127 - Brent Phillips
12:05:04.928309 - Peter Jenkins
12:05:04.940647 - Peter Jenkins
12:05:04.951137 - Freddie Morris
12:05:04.962406 - Ewan Richardson
12:05:04.974490 - Jayden Sutton
12:05:04.984860 - Alec Hooper
12:05:04.997326 - Osvaldo Michael
12:05:05.007907 - Peter Jenkins
12:05:05.020427 - Brent Phillips
12:05:05.032631 - Ewan Richardson
12:05:05.044300 - Freddie Morris
12:05:05.055736 - Brent Phillips
12:05:05.066504 - Elian Gallegos
12:05:05.077346 - Brent Phillips
12:05:05.089922 - Cristian Castaneda
12:05:05.100330 - Ewan Richardson
12:05:05.111439 - Osvaldo Michael
12:05:05.121760 - Ewan Richardson
12:05:05.133567 - Brent Phillips
12:05:05.145532 - Alec Hooper
12:05:05.157214 - Brent Phillips
12:05:05.167757 - Cristian Castaneda
12:05:05.179264 - Cristian Castaneda
12:05:05.191316 - Alec Hooper
12:05:05.201611 - Alec Hooper
12:05:05.212934 - Osvaldo Michael
12:05:05.223446 - Alec Hooper
12:05:05.235441 - Freddie Morris
12:05:05.248109 - Brent Phillips
12:05:05.258817 - Peter Jenkins
12:05:05.269674 - Freddie Morris
12:05:05.280161 - Osvaldo Michael
12:05:05.291415 - Luca Cox
12:05:05.302764 - Osvaldo Michael
12:05:05.313461 - Peter Jenkins
12:05:05.324602 - Alec Hooper
12:05:05.336951 - Osvaldo Michael
12:05:05.347375 - Elian Gallegos
12:05:05.357855 - Cristian Castaneda
12:05:05.370233 - Ewan Richardson
12:05:05.380969 - Elian Gallegos
12:05:05.391965 - Ewan Richardson
12:05:05.403563 - Jayden Sutton
12:05:05.413756 - Elian Gallegos
12:05:05.425030 - Cristian Castaneda
12:05:05.437794 - Brent Phillips
12:05:05.448808 - Osvaldo Michael
12:05:05.460469 - Luca Cox
12:05:05.471071 - Brent Phillips
12:05:05.482401 - Alec Hooper
12:05:05.494191 - Jayden Sutton
12:05:05.505031 - Alec Hooper
12:05:05.516128 - Jayden Sutton
12:05:05.526260 - Freddie Morris
12:05:05.538061 - Ewan Richardson
12:05:05.548221 - Cristian Castaneda
12:05:05.559066 - Elian Gallegos
12:05:05.571244 - Jayden Sutton
12:05:05.581638 - Brent Phillips
12:05:05.592316 - Alec Hooper
12:05:05.604488 - Peter Jenkins
12:05:05.615671 - Cristian Castaneda
12:05:05.627399 - Osvaldo Michael
12:05:05.639922 - Cristian Castaneda
12:05:05.650567 - Luca Cox
12:05:05.661349 - Peter Jenkins
12:05:05.671778 - Peter Jenkins
12:05:05.683308 - Cristian Castaneda
12:05:05.695883 - Brent Phillips
12:05:05.707821 - Freddie Morris
12:05:05.718245 - Freddie Morris
12:05:05.729122 - Luca Cox
12:05:05.740869 - Jayden Sutton
12:05:05.752756 - Peter Jenkins
12:05:05.763364 - Ewan Richardson
12:05:05.776984 - Freddie Morris
12:05:05.789458 - Brent Phillips
12:05:05.799665 - Cristian Castaneda
12:05:05.812145 - Jayden Sutton
12:05:05.822709 - Elian Gallegos
12:05:05.833819 - Ewan Richardson
12:05:05.846166 - Elian Gallegos
12:05:05.856967 - Brent Phillips
12:05:05.867361 - Cristian Castaneda
12:05:05.878176 - Elian Gallegos
12:05:05.890644 - Cristian Castaneda
12:05:05.902856 - Alec Hooper
12:05:05.913836 - Elian Gallegos
12:05:05.923982 - Ewan Richardson
12:05:05.934145 - Brent Phillips
12:05:05.944958 - Osvaldo Michael
12:05:05.955748 - Elian Gallegos
12:05:05.967436 - Elian Gallegos
12:05:05.980557 - Brent Phillips
12:05:05.992575 - Osvaldo Michael
12:05:06.004581 - Ewan Richardson
12:05:06.017020 - Peter Jenkins
12:05:06.027564 - Freddie Morris
12:05:06.039872 - Freddie Morris
12:05:06.050371 - Jayden Sutton
12:05:06.060511 - Freddie Morris
12:05:06.071665 - Osvaldo Michael
12:05:06.082770 - Brent Phillips
12:05:06.094133 - Jayden Sutton
12:05:06.105466 - Jayden Sutton
12:05:06.116526 - Alec Hooper
12:05:06.128332 - Luca Cox
12:05:06.140334 - Osvaldo Michael
12:05:06.150563 - Osvaldo Michael
12:05:06.161731 - Luca Cox
12:05:06.171976 - Elian Gallegos
12:05:06.182385 - Osvaldo Michael
12:05:06.194364 - Brent Phillips
12:05:06.205895 - Freddie Morris
12:05:06.217284 - Osvaldo Michael
12:05:06.228345 - Freddie Morris
12:05:06.240545 - Jayden Sutton
12:05:06.252139 - Brent Phillips
12:05:06.264831 - Freddie Morris
12:05:06.277352 - Brent Phillips
12:05:06.289911 - Alec Hooper
12:05:06.300395 - Alec Hooper
12:05:06.312335 - Alec Hooper
12:05:06.324246 - Jayden Sutton
12:05:06.335618 - Alec Hooper
12:05:06.347360 - Ewan Richardson
12:05:06.359934 - Jayden Sutton
12:05:06.372079 - Luca Cox
12:05:06.383303 - Ewan Richardson
12:05:06.394811 - Jayden Sutton
12:05:06.405859 - Ewan Richardson
12:05:06.416507 - Peter Jenkins
12:05:06.427731 - Elian Gallegos
12:05:06.439881 - Ewan Richardson
12:05:06.450370 - Luca Cox
12:05:06.460714 - Luca Cox
12:05:06.471450 - Osvaldo Michael
12:05:06.481654 - Peter Jenkins
12:05:06.492873 - Elian Gallegos
12:05:06.504612 - Alec Hooper
12:05:06.516213 - Elian Gallegos
12:05:06.527753 - Luca Cox
12:05:06.539892 - Jayden Sutton
12:05:06.550720 - Freddie Morris
12:05:06.561306 - Cristian Castaneda
12:05:06.572598 - Brent Phillips
12:05:06.585349 - Elian Gallegos
12:05:06.597378 - Jayden Sutton
12:05:06.607640 - Osvaldo Michael
12:05:06.617939 - Brent Phillips
12:05:06.629626 - Brent Phillips
12:05:06.641081 - Jayden Sutton
12:05:06.652718 - Cristian Castaneda
12:05:06.663489 - Freddie Morris
12:05:06.673976 - Jayden Sutton
12:05:06.684141 - Alec Hooper
12:05:06.695762 - Brent Phillips
12:05:06.705984 - Alec Hooper
12:05:06.717014 - Ewan Richardson
12:05:06.728475 - Brent Phillips
12:05:06.741201 - Ewan Richardson
12:05:06.753850 - Alec Hooper
12:05:06.765307 - Peter Jenkins
12:05:06.776835 - Osvaldo Michael
12:05:06.787701 - Luca Cox
12:05:06.798576 - Peter Jenkins
12:05:06.808762 - Cristian Castaneda
12:05:06.820231 - Peter Jenkins
12:05:06.831541 - Osvaldo Michael
12:05:06.843226 - Freddie Morris
12:05:06.855700 - Luca Cox
12:05:06.867863 - Osvaldo Michael
12:05:06.878770 - Ewan Richardson
12:05:06.890187 - Alec Hooper
12:05:06.900315 - Peter Jenkins
12:05:06.911479 - Ewan Richardson
12:05:06.922147 - Osvaldo Michael
12:05:06.933371 - Alec Hooper
12:05:06.944541 - Osvaldo Michael
12:05:06.955843 - Luca Cox
12:05:06.967719 - Jayden Sutton
12:05:06.979376 - Peter Jenkins
12:05:06.990193 - Elian Gallegos
12:05:07.001173 - Ewan Richardson
12:05:07.012652 - Peter Jenkins
12:05:07.025036 - Osvaldo Michael
12:05:07.035439 - Alec Hooper
12:05:07.047385 - Alec Hooper
12:05:07.058996 - Alec Hooper
12:05:07.069329 - Jayden Sutton
12:05:07.080142 - Elian Gallegos
12:05:07.090531 - Brent Phillips
12:05:07.100728 - Peter Jenkins
12:05:07.110975 - Alec Hooper
12:05:07.122380 - Peter Jenkins
12:05:07.135007 - Brent Phillips
12:05:07.147349 - Brent Phillips
12:05:07.159071 - Peter Jenkins
12:05:07.171320 - Alec Hooper
12:05:07.181922 - Ewan Richardson
12:05:07.192633 - Elian Gallegos
12:05:07.203985 - Alec Hooper
12:05:07.214718 - Osvaldo Michael
12:05:07.224820 - Osvaldo Michael
12:05:07.237418 - Osvaldo Michael
12:05:07.248126 - Brent Phillips
12:05:07.259883 - Elian Gallegos
12:05:07.271857 - Freddie Morris
12:05:07.282092 - Alec Hooper
12:05:07.292304 - Osvaldo Michael
12:05:07.304963 - Brent Phillips
12:05:07.315611 - Freddie Morris
12:05:07.326106 - Peter Jenkins
12:05:07.338172 - Freddie Morris
12:05:07.348396 - Brent Phillips
12:05:07.360187 - Luca Cox
12:05:07.372092 - Peter Jenkins
12:05:07.382864 - Alec Hooper
12:05:07.393708 - Peter Jenkins
12:05:07.404945 - Brent Phillips
12:05:07.415126 - Brent Phillips
12:05:07.427300 - Freddie Morris
12:05:07.439936 - Osvaldo Michael
12:05:07.452105 - Peter Jenkins
12:05:07.462674 - Osvaldo Michael
12:05:07.474160 - Cristian Castaneda
12:05:07.484484 - Luca Cox
12:05:07.496288 - Osvaldo Michael
12:05:07.507746 - Luca Cox
12:05:07.518022 - Luca Cox
12:05:07.528752 - Freddie Morris
12:05:07.541142 - Brent Phillips
12:05:07.552309 - Jayden Sutton
12:05:07.563985 - Jayden Sutton
12:05:07.574120 - Ewan Richardson
12:05:07.584313 - Jayden Sutton
12:05:07.594477 - Peter Jenkins
12:05:07.605489 - Jayden Sutton
12:05:07.617254 - Jayden Sutton
12:05:07.628061 - Elian Gallegos
12:05:07.639931 - Osvaldo Michael
12:05:07.651115 - Freddie Morris
12:05:07.662155 - Alec Hooper
12:05:07.672720 - Jayden Sutton
12:05:07.684341 - Freddie Morris
12:05:07.695318 - Jayden Sutton
12:05:07.706800 - Freddie Morris
12:05:07.718802 - Jayden Sutton
12:05:07.728901 - Jayden Sutton
12:05:07.740847 - Alec Hooper
12:05:07.753564 - Osvaldo Michael
12:05:07.764399 - Alec Hooper
12:05:07.776550 - Jayden Sutton
12:05:07.788798 - Elian Gallegos
12:05:07.799353 - Luca Cox
12:05:07.810366 - Peter Jenkins
12:05:07.822448 - Luca Cox
12:05:07.832966 - Luca Cox
12:05:07.844338 - Jayden Sutton
12:05:07.856471 - Ewan Richardson
12:05:07.869043 - Cristian Castaneda
12:05:07.880396 - Ewan Richardson
12:05:07.892769 - Osvaldo Michael
12:05:07.905529 - Osvaldo Michael
12:05:07.917258 - Ewan Richardson
12:05:07.928616 - Ewan Richardson
12:05:07.940736 - Jayden Sutton
12:05:07.951008 - Ewan Richardson
12:05:07.961867 - Freddie Morris
12:05:07.972184 - Luca Cox
12:05:07.982774 - Peter Jenkins
12:05:07.994632 - Elian Gallegos
12:05:08.006589 - Alec Hooper
12:05:08.017060 - Peter Jenkins
12:05:08.028854 - Cristian Castaneda
12:05:08.040167 - Osvaldo Michael
12:05:08.051074 - Cristian Castaneda
12:05:08.061693 - Luca Cox
12:05:08.072711 - Ewan Richardson
12:05:08.082865 - Alec Hooper
12:05:08.094280 - Ewan Richardson
12:05:08.105524 - Ewan Richardson
12:05:08.116791 - Cristian Castaneda
12:05:08.127644 - Cristian Castaneda
12:05:08.139986 - Elian Gallegos
12:05:08.152395 - Peter Jenkins
12:05:08.164805 - Cristian Castaneda
12:05:08.175187 - Alec Hooper
12:05:08.185872 - Alec Hooper
12:05:08.197065 - Luca Cox
12:05:08.207602 - Cristian Castaneda
12:05:08.218754 - Jayden Sutton
12:05:08.229133 - Elian Gallegos
12:05:08.241128 - Jayden Sutton
12:05:08.253367 - Elian Gallegos
12:05:08.264796 - Luca Cox
12:05:08.274933 - Luca Cox
12:05:08.287649 - Cristian Castaneda
12:05:08.298693 - Freddie Morris
12:05:08.309246 - Cristian Castaneda
12:05:08.319454 - Luca Cox
12:05:08.329617 - Luca Cox
12:05:08.341107 - Alec Hooper
12:05:08.352371 - Brent Phillips
12:05:08.363161 - Ewan Richardson
12:05:08.374621 - Peter Jenkins
12:05:08.387337 - Luca Cox
12:05:08.397823 - Brent Phillips
12:05:08.408770 - Jayden Sutton
12:05:08.419024 - Ewan Richardson
12:05:08.430893 - Osvaldo Michael
12:05:08.442963 - Luca Cox
12:05:08.455676 - Ewan Richardson
12:05:08.466491 - Freddie Morris
12:05:08.478697 - Cristian Castaneda
12:05:08.491075 - Freddie Morris
12:05:08.503033 - Freddie Morris
12:05:08.513218 - Brent Phillips
12:05:08.524058 - Peter Jenkins
12:05:08.536883 - Peter Jenkins
12:05:08.547401 - Elian Gallegos
12:05:08.558407 - Cristian Castaneda
12:05:08.568558 - Freddie Morris
12:05:08.579698 - Freddie Morris
12:05:08.594263 - Ewan Richardson
12:05:08.605497 - Ewan Richardson
12:05:08.615898 - Alec Hooper
12:05:08.627771 - Cristian Castaneda
12:05:08.639967 - Jayden Sutton
12:05:08.652618 - Cristian Castaneda
12:05:08.665125 - Ewan Richardson
12:05:08.677310 - Jayden Sutton
12:05:08.689365 - Alec Hooper
12:05:08.700519 - Ewan Richardson
12:05:08.712141 - Jayden Sutton
12:05:08.724737 - Freddie Morris
12:05:08.737363 - Elian Gallegos
12:05:08.747831 - Luca Cox
12:05:08.758754 - Alec Hooper
12:05:08.769922 - Brent Phillips
12:05:08.782372 - Freddie Morris
12:05:08.793532 - Cristian Castaneda
12:05:08.806317 - Peter Jenkins
12:05:08.817966 - Ewan Richardson
12:05:08.830559 - Peter Jenkins
12:05:08.842529 - Freddie Morris
12:05:08.853417 - Osvaldo Michael
12:05:08.864079 - Freddie Morris
12:05:08.874651 - Elian Gallegos
12:05:08.887218 - Jayden Sutton
12:05:08.898728 - Luca Cox
12:05:08.911385 - Freddie Morris
12:05:08.922897 - Luca Cox
12:05:08.933543 - Brent Phillips
12:05:08.943820 - Freddie Morris
12:05:08.954187 - Ewan Richardson
12:05:08.965596 - Jayden Sutton
12:05:08.975718 - Luca Cox
12:05:08.987375 - Elian Gallegos
12:05:08.997588 - Peter Jenkins
12:05:09.007787 - Osvaldo Michael
12:05:09.019026 - Luca Cox
12:05:09.030259 - Luca Cox
12:05:09.041521 - Peter Jenkins
12:05:09.053208 - Brent Phillips
12:05:09.064391 - Freddie Morris
12:05:09.075113 - Cristian Castaneda
12:05:09.086510 - Cristian Castaneda
12:05:09.097887 - Freddie Morris
12:05:09.108169 - Freddie Morris
12:05:09.119305 - Brent Phillips
12:05:09.130169 - Alec Hooper
12:05:09.140754 - Cristian Castaneda
12:05:09.153486 - Brent Phillips
12:05:09.163832 - Elian Gallegos
12:05:09.175767 - Peter Jenkins
12:05:09.188448 - Freddie Morris
12:05:09.199054 - Jayden Sutton
12:05:09.209366 - Brent Phillips
12:05:09.220532 - Elian Gallegos
12:05:09.230672 - Cristian Castaneda
12:05:09.241241 - Brent Phillips
12:05:09.253812 - Brent Phillips
12:05:09.264368 - Luca Cox
12:05:09.274804 - Brent Phillips
12:05:09.286812 - Alec Hooper
12:05:09.297430 - Luca Cox
12:05:09.307641 - Ewan Richardson
12:05:09.318120 - Luca Cox
12:05:09.329124 - Elian Gallegos
12:05:09.341159 - Ewan Richardson
12:05:09.351816 - Jayden Sutton
12:05:09.363208 - Peter Jenkins
12:05:09.374369 - Cristian Castaneda
12:05:09.385643 - Peter Jenkins
12:05:09.397425 - Freddie Morris
12:05:09.408603 - Brent Phillips
12:05:09.420468 - Luca Cox
12:05:09.432783 - Ewan Richardson
12:05:09.443676 - Ewan Richardson
12:05:09.455765 - Jayden Sutton
12:05:09.467013 - Peter Jenkins
12:05:09.479632 - Elian Gallegos
12:05:09.490416 - Elian Gallegos
12:05:09.502311 - Peter Jenkins
12:05:09.513699 - Elian Gallegos
12:05:09.526224 - Cristian Castaneda
12:05:09.537919 - Ewan Richardson
12:05:09.550168 - Cristian Castaneda
12:05:09.562628 - Luca Cox
12:05:09.574339 - Ewan Richardson
12:05:09.584855 - Alec Hooper
12:05:09.597418 - Osvaldo Michael
12:05:09.608066 - Cristian Castaneda
12:05:09.620769 - Luca Cox
12:05:09.632896 - Cristian Castaneda
12:05:09.643275 - Ewan Richardson
12:05:09.655572 - Osvaldo Michael
12:05:09.666441 - Freddie Morris
12:05:09.676966 - Ewan Richardson
12:05:09.687405 - Jayden Sutton
12:05:09.699190 - Ewan Richardson
12:05:09.711445 - Luca Cox
12:05:09.723318 - Freddie Morris
12:05:09.733435 - Jayden Sutton
12:05:09.745140 - Brent Phillips
12:05:09.756860 - Freddie Morris
12:05:09.767636 - Freddie Morris
12:05:09.778325 - Brent Phillips
12:05:09.790992 - Ewan Richardson
12:05:09.802863 - Peter Jenkins
12:05:09.814954 - Ewan Richardson
12:05:09.825443 - Elian Gallegos
12:05:09.837049 - Freddie Morris
12:05:09.847766 - Cristian Castaneda
12:05:09.858212 - Luca Cox
12:05:09.868628 - Cristian Castaneda
12:05:09.879214 - Jayden Sutton
12:05:09.891756 - Elian Gallegos
12:05:09.902396 - Peter Jenkins
12:05:09.913538 - Ewan Richardson
12:05:09.924969 - Elian Gallegos
12:05:09.937627 - Jayden Sutton
12:05:09.949068 - Elian Gallegos
12:05:09.961071 - Ewan Richardson
12:05:09.973097 - Elian Gallegos
12:05:09.983313 - Osvaldo Michael
12:05:09.993969 - Ewan Richardson
12:05:10.006180 - Freddie Morris
12:05:10.016442 - Freddie Morris
12:05:10.028550 - Ewan Richardson
12:05:10.040700 - Jayden Sutton
12:05:10.053016 - Osvaldo Michael
12:05:10.065590 - Luca Cox
12:05:10.076417 - Alec Hooper
12:05:10.087134 - Jayden Sutton
12:05:10.099203 - Peter Jenkins
12:05:10.110929 - Osvaldo Michael
12:05:10.123283 - Peter Jenkins
12:05:10.135977 - Cristian Castaneda
12:05:10.147528 - Osvaldo Michael
12:05:10.158892 - Cristian Castaneda
12:05:10.171617 - Brent Phillips
12:05:10.184320 - Ewan Richardson
12:05:10.195165 - Peter Jenkins
12:05:10.207547 - Brent Phillips
12:05:10.218774 - Luca Cox
12:05:10.228982 - Luca Cox
12:05:10.240486 - Jayden Sutton
12:05:10.252237 - Freddie Morris
12:05:10.264101 - Peter Jenkins
12:05:10.275597 - Ewan Richardson
12:05:10.286971 - Ewan Richardson
12:05:10.298868 - Elian Gallegos
12:05:10.310920 - Alec Hooper
12:05:10.323312 - Brent Phillips
12:05:10.333899 - Jayden Sutton
12:05:10.344625 - Jayden Sutton
12:05:10.356428 - Osvaldo Michael
12:05:10.367075 - Freddie Morris
12:05:10.377587 - Jayden Sutton
12:05:10.390253 - Freddie Morris
12:05:10.403531 - Jayden Sutton
12:05:10.415481 - Luca Cox
12:05:10.425935 - Elian Gallegos
12:05:10.436373 - Alec Hooper
12:05:10.447500 - Brent Phillips
12:05:10.458650 - Peter Jenkins
12:05:10.470859 - Luca Cox
12:05:10.481313 - Alec Hooper
12:05:10.491680 - Luca Cox
12:05:10.502717 - Elian Gallegos
12:05:10.513276 - Peter Jenkins
12:05:10.523831 - Cristian Castaneda
12:05:10.535342 - Ewan Richardson
12:05:10.547514 - Ewan Richardson
12:05:10.558344 - Brent Phillips
12:05:10.568886 - Elian Gallegos
12:05:10.580884 - Alec Hooper
12:05:10.592336 - Osvaldo Michael
12:05:10.604983 - Jayden Sutton
12:05:10.615132 - Freddie Morris
12:05:10.627158 - Ewan Richardson
12:05:10.639873 - Brent Phillips
12:05:10.652508 - Elian Gallegos
12:05:10.662841 - Cristian Castaneda
12:05:10.674222 - Alec Hooper
12:05:10.685417 - Freddie Morris
12:05:10.697505 - Freddie Morris
12:05:10.709689 - Alec Hooper
12:05:10.722366 - Peter Jenkins
12:05:10.735192 - Alec Hooper
12:05:10.749077 - Freddie Morris
12:05:10.760398 - Brent Phillips
12:05:10.770519 - Cristian Castaneda
12:05:10.782399 - Freddie Morris
12:05:10.792550 - Peter Jenkins
12:05:10.805186 - Peter Jenkins
12:05:10.815967 - Osvaldo Michael
12:05:10.826298 - Cristian Castaneda
12:05:10.838947 - Osvaldo Michael
12:05:10.849123 - Elian Gallegos
12:05:10.860555 - Peter Jenkins
12:05:10.870689 - Brent Phillips
12:05:10.880794 - Brent Phillips
12:05:10.891754 - Ewan Richardson
12:05:10.903020 - Elian Gallegos
12:05:10.914658 - Jayden Sutton
12:05:10.925435 - Alec Hooper
12:05:10.936091 - Cristian Castaneda
12:05:10.947517 - Luca Cox
12:05:10.957891 - Brent Phillips
12:05:10.968096 - Osvaldo Michael
12:05:10.978753 - Elian Gallegos
12:05:10.991376 - Jayden Sutton
12:05:11.001679 - Elian Gallegos
12:05:11.012356 - Cristian Castaneda
12:05:11.024050 - Luca Cox
12:05:11.034238 - Elian Gallegos
12:05:11.046190 - Jayden Sutton
12:05:11.058026 - Peter Jenkins
12:05:11.070222 - Cristian Castaneda
12:05:11.080525 - Peter Jenkins
12:05:11.091832 - Osvaldo Michael
12:05:11.102202 - Brent Phillips
12:05:11.112660 - Brent Phillips
12:05:11.124618 - Brent Phillips
12:05:11.135944 - Osvaldo Michael
12:05:11.147499 - Osvaldo Michael
12:05:11.159437 - Elian Gallegos
12:05:11.170375 - Luca Cox
12:05:11.182779 - Peter Jenkins
12:05:11.195081 - Osvaldo Michael
12:05:11.206803 - Freddie Morris
12:05:11.217437 - Alec Hooper
12:05:11.228908 - Ewan Richardson
12:05:11.240588 - Freddie Morris
12:05:11.250933 - Alec Hooper
12:05:11.261863 - Peter Jenkins
12:05:11.273790 - Cristian Castaneda
12:05:11.284563 - Ewan Richardson
12:05:11.295798 - Brent Phillips
12:05:11.308088 - Peter Jenkins
12:05:11.319857 - Cristian Castaneda
12:05:11.331565 - Alec Hooper
12:05:11.342149 - Freddie Morris
12:05:11.353716 - Osvaldo Michael
12:05:11.364353 - Brent Phillips
12:05:11.375773 - Cristian Castaneda
12:05:11.388478 - Brent Phillips
12:05:11.399482 - Peter Jenkins
12:05:11.409760 - Osvaldo Michael
12:05:11.420977 - Ewan Richardson
12:05:11.431597 - Peter Jenkins
12:05:11.442456 - Peter Jenkins
12:05:11.454100 - Alec Hooper
12:05:11.465834 - Cristian Castaneda
12:05:11.476535 - Luca Cox
12:05:11.486899 - Brent Phillips
12:05:11.497536 - Alec Hooper
12:05:11.508406 - Alec Hooper
12:05:11.521118 - Cristian Castaneda
12:05:11.531795 - Jayden Sutton
12:05:11.542824 - Peter Jenkins
12:05:11.555613 - Cristian Castaneda
12:05:11.566638 - Alec Hooper
12:05:11.577802 - Alec Hooper
12:05:11.590088 - Freddie Morris
12:05:11.601499 - Luca Cox
12:05:11.612340 - Alec Hooper
12:05:11.623850 - Elian Gallegos
12:05:11.636567 - Alec Hooper
12:05:11.647530 - Alec Hooper
12:05:11.659902 - Elian Gallegos
12:05:11.670060 - Luca Cox
12:05:11.682111 - Osvaldo Michael
12:05:11.692748 - Cristian Castaneda
12:05:11.705533 - Brent Phillips
12:05:11.717025 - Luca Cox
12:05:11.728218 - Elian Gallegos
12:05:11.740180 - Brent Phillips
12:05:11.750882 - Brent Phillips
12:05:11.762107 - Luca Cox
12:05:11.774838 - Jayden Sutton
12:05:11.785042 - Elian Gallegos
12:05:11.797508 - Ewan Richardson
12:05:11.808228 - Freddie Morris
12:05:11.819040 - Jayden Sutton
12:05:11.830328 - Alec Hooper
12:05:11.841988 - Ewan Richardson
12:05:11.853495 - Peter Jenkins
12:05:11.864055 - Peter Jenkins
12:05:11.874744 - Luca Cox
12:05:11.887455 - Luca Cox
12:05:11.899125 - Cristian Castaneda
12:05:11.910540 - Peter Jenkins
12:05:11.921402 - Cristian Castaneda
12:05:11.932043 - Elian Gallegos
12:05:11.943598 - Ewan Richardson
12:05:11.954019 - Ewan Richardson
12:05:11.966616 - Cristian Castaneda
12:05:11.977285 - Jayden Sutton
12:05:11.989232 - Freddie Morris
12:05:12.000978 - Alec Hooper
12:05:12.013088 - Elian Gallegos
12:05:12.024751 - Ewan Richardson
12:05:12.036133 - Ewan Richardson
12:05:12.046261 - Ewan Richardson
12:05:12.058266 - Ewan Richardson
12:05:12.069740 - Osvaldo Michael
12:05:12.080555 - Elian Gallegos
12:05:12.091749 - Ewan Richardson
12:05:12.104034 - Osvaldo Michael
12:05:12.115987 - Freddie Morris
12:05:12.126244 - Jayden Sutton
12:05:12.138416 - Osvaldo Michael
12:05:12.150996 - Elian Gallegos
12:05:12.163414 - Cristian Castaneda
12:05:12.173787 - Brent Phillips
12:05:12.185467 - Brent Phillips
12:05:12.197653 - Elian Gallegos
12:05:12.209352 - Alec Hooper
12:05:12.221204 - Cristian Castaneda
12:05:12.231421 - Alec Hooper
12:05:12.242937 - Osvaldo Michael
12:05:12.254255 - Luca Cox
12:05:12.265517 - Brent Phillips
12:05:12.276783 - Brent Phillips
12:05:12.288591 - Alec Hooper
12:05:12.298715 - Alec Hooper
12:05:12.309362 - Jayden Sutton
12:05:12.320053 - Osvaldo Michael
12:05:12.330320 - Elian Gallegos
12:05:12.341236 - Jayden Sutton
12:05:12.351958 - Ewan Richardson
12:05:12.362648 - Osvaldo Michael
12:05:12.374143 - Brent Phillips
12:05:12.386744 - Ewan Richardson
12:05:12.398762 - Freddie Morris
12:05:12.409662 - Ewan Richardson
12:05:12.419901 - Brent Phillips
12:05:12.430018 - Freddie Morris
12:05:12.441117 - Freddie Morris
12:05:12.452592 - Cristian Castaneda
12:05:12.464136 - Elian Gallegos
12:05:12.475327 - Osvaldo Michael
12:05:12.488010 - Alec Hooper
12:05:12.499841 - Cristian Castaneda
12:05:12.511803 - Cristian Castaneda
12:05:12.524643 - Ewan Richardson
12:05:12.534839 - Luca Cox
12:05:12.545648 - Ewan Richardson
12:05:12.555833 - Cristian Castaneda
12:05:12.567308 - Alec Hooper
12:05:12.579219 - Brent Phillips
12:05:12.591893 - Elian Gallegos
12:05:12.604624 - Cristian Castaneda
12:05:12.616713 - Freddie Morris
12:05:12.628150 - Elian Gallegos
12:05:12.640561 - Alec Hooper
12:05:12.652585 - Osvaldo Michael
12:05:12.662935 - Osvaldo Michael
12:05:12.675784 - Alec Hooper
12:05:12.686073 - Brent Phillips
12:05:12.697532 - Osvaldo Michael
12:05:12.708699 - Alec Hooper
12:05:12.719397 - Ewan Richardson
12:05:12.729944 - Peter Jenkins
12:05:12.741768 - Brent Phillips
12:05:12.752813 - Cristian Castaneda
12:05:12.764956 - Ewan Richardson
12:05:12.776867 - Osvaldo Michael
12:05:12.789331 - Ewan Richardson
12:05:12.799729 - Jayden Sutton
12:05:12.810519 - Cristian Castaneda
12:05:12.822593 - Cristian Castaneda
12:05:12.832713 - Cristian Castaneda
12:05:12.843190 - Jayden Sutton
12:05:12.855590 - Jayden Sutton
12:05:12.867953 - Brent Phillips
12:05:12.878697 - Luca Cox
12:05:12.890658 - Ewan Richardson
12:05:12.902229 - Alec Hooper
12:05:12.913397 - Brent Phillips
12:05:12.925662 - Ewan Richardson
12:05:12.935874 - Peter Jenkins
12:05:12.947554 - Ewan Richardson
12:05:12.959295 - Ewan Richardson
12:05:12.972119 - Jayden Sutton
12:05:12.983386 - Brent Phillips
12:05:12.994156 - Luca Cox
12:05:13.007123 - Jayden Sutton
12:05:13.017652 - Osvaldo Michael
12:05:13.028896 - Freddie Morris
12:05:13.041023 - Cristian Castaneda
12:05:13.051478 - Luca Cox
12:05:13.064323 - Luca Cox
12:05:13.075877 - Brent Phillips
12:05:13.088637 - Ewan Richardson
12:05:13.098822 - Freddie Morris
12:05:13.111200 - Peter Jenkins
12:05:13.123844 - Cristian Castaneda
12:05:13.136500 - Alec Hooper
12:05:13.147606 - Elian Gallegos
12:05:13.158208 - Osvaldo Michael
12:05:13.170768 - Peter Jenkins
12:05:13.182191 - Jayden Sutton
12:05:13.192787 - Freddie Morris
12:05:13.202881 - Freddie Morris
12:05:13.213816 - Freddie Morris
12:05:13.226367 - Ewan Richardson
12:05:13.237823 - Luca Cox
12:05:13.249507 - Alec Hooper
12:05:13.259987 - Luca Cox
12:05:13.270477 - Alec Hooper
12:05:13.280719 - Peter Jenkins
12:05:13.291714 - Alec Hooper
12:05:13.304286 - Alec Hooper
12:05:13.314456 - Peter Jenkins
12:05:13.325467 - Brent Phillips
12:05:13.338162 - Freddie Morris
12:05:13.349487 - Elian Gallegos
12:05:13.361089 - Freddie Morris
12:05:13.373877 - Freddie Morris
12:05:13.385444 - Alec Hooper
12:05:13.397590 - Freddie Morris
12:05:13.408497 - Alec Hooper
12:05:13.418753 - Freddie Morris
12:05:13.430483 - Luca Cox
12:05:13.441248 - Elian Gallegos
12:05:13.451503 - Luca Cox
12:05:13.462439 - Jayden Sutton
12:05:13.474308 - Freddie Morris
12:05:13.486769 - Jayden Sutton
12:05:13.497591 - Ewan Richardson
12:05:13.508450 - Luca Cox
12:05:13.521063 - Brent Phillips
12:05:13.531901 - Brent Phillips
12:05:13.543726 - Osvaldo Michael
12:05:13.556019 - Elian Gallegos
12:05:13.567054 - Cristian Castaneda
12:05:13.578340 - Peter Jenkins
12:05:13.588608 - Luca Cox
12:05:13.598747 - Ewan Richardson
12:05:13.610049 - Elian Gallegos
12:05:13.622389 - Jayden Sutton
12:05:13.634160 - Osvaldo Michael
12:05:13.644380 - Ewan Richardson
12:05:13.657019 - Alec Hooper
12:05:13.667261 - Freddie Morris
12:05:13.677713 - Ewan Richardson
12:05:13.690217 - Cristian Castaneda
12:05:13.700340 - Ewan Richardson
12:05:13.712300 - Elian Gallegos
12:05:13.724028 - Ewan Richardson
12:05:13.736126 - Luca Cox
12:05:13.747617 - Elian Gallegos
12:05:13.760855 - Cristian Castaneda
12:05:13.771197 - Freddie Morris
12:05:13.782489 - Brent Phillips
12:05:13.793136 - Ewan Richardson
12:05:13.803715 - Ewan Richardson
12:05:13.813904 - Alec Hooper
12:05:13.824962 - Jayden Sutton
12:05:13.835431 - Luca Cox
12:05:13.847560 - Luca Cox
12:05:13.859317 - Luca Cox
12:05:13.872091 - Cristian Castaneda
12:05:13.883018 - Peter Jenkins
12:05:13.893948 - Cristian Castaneda
12:05:13.906820 - Peter Jenkins
12:05:13.918310 - Alec Hooper
12:05:13.928637 - Alec Hooper
12:05:13.940195 - Osvaldo Michael
12:05:13.951779 - Elian Gallegos
12:05:13.962109 - Jayden Sutton
12:05:13.974813 - Brent Phillips
12:05:13.987370 - Brent Phillips
12:05:13.999097 - Peter Jenkins
12:05:14.010603 - Osvaldo Michael
12:05:14.022070 - Peter Jenkins
12:05:14.034687 - Freddie Morris
12:05:14.047327 - Osvaldo Michael
12:05:14.059073 - Jayden Sutton
12:05:14.070510 - Ewan Richardson
12:05:14.080639 - Luca Cox
12:05:14.091681 - Cristian Castaneda
12:05:14.103531 - Jayden Sutton
12:05:14.113898 - Peter Jenkins
12:05:14.125111 - Freddie Morris
12:05:14.137457 - Ewan Richardson
12:05:14.147612 - Ewan Richardson
12:05:14.159650 - Jayden Sutton
12:05:14.172376 - Ewan Richardson
12:05:14.182977 - Cristian Castaneda
12:05:14.193348 - Freddie Morris
12:05:14.205841 - Cristian Castaneda
12:05:14.216315 - Elian Gallegos
12:05:14.228811 - Jayden Sutton
12:05:14.241510 - Ewan Richardson
12:05:14.253988 - Cristian Castaneda
12:05:14.265493 - Osvaldo Michael
12:05:14.277693 - Ewan Richardson
12:05:14.290206 - Elian Gallegos
12:05:14.300540 - Ewan Richardson
12:05:14.310653 - Osvaldo Michael
12:05:14.323416 - Luca Cox
12:05:14.334583 - Luca Cox
12:05:14.345223 - Alec Hooper
12:05:14.355763 - Osvaldo Michael
12:05:14.366582 - Elian Gallegos
12:05:14.377152 - Peter Jenkins
12:05:14.388412 - Cristian Castaneda
12:05:14.399637 - Brent Phillips
12:05:14.410182 - Elian Gallegos
12:05:14.421983 - Cristian Castaneda
12:05:14.432293 - Cristian Castaneda
12:05:14.444424 - Freddie Morris
12:05:14.456013 - Cristian Castaneda
12:05:14.466166 - Peter Jenkins
12:05:14.477377 - Cristian Castaneda
12:05:14.490002 - Luca Cox
12:05:14.500277 - Ewan Richardson
12:05:14.512022 - Freddie Morris
12:05:14.522410 - Alec Hooper
12:05:14.533344 - Alec Hooper
12:05:14.544189 - Luca Cox
12:05:14.555540 - Jayden Sutton
12:05:14.567445 - Alec Hooper
12:05:14.578542 - Alec Hooper
12:05:14.590128 - Brent Phillips
12:05:14.602666 - Luca Cox
12:05:14.613863 - Elian Gallegos
12:05:14.625652 - Osvaldo Michael
12:05:14.635887 - Jayden Sutton
12:05:14.647626 - Alec Hooper
12:05:14.659009 - Elian Gallegos
12:05:14.669896 - Ewan Richardson
12:05:14.680017 - Jayden Sutton
12:05:14.691689 - Luca Cox
12:05:14.704403 - Jayden Sutton
12:05:14.715902 - Ewan Richardson
12:05:14.727963 - Brent Phillips
12:05:14.740173 - Cristian Castaneda
12:05:14.750369 - Jayden Sutton
12:05:14.760751 - Osvaldo Michael
12:05:14.773538 - Alec Hooper
12:05:14.785162 - Ewan Richardson
12:05:14.797627 - Luca Cox
12:05:14.809335 - Alec Hooper
12:05:14.820599 - Elian Gallegos
12:05:14.831659 - Freddie Morris
12:05:14.842524 - Osvaldo Michael
12:05:14.852684 - Cristian Castaneda
12:05:14.862897 - Jayden Sutton
12:05:14.874779 - Jayden Sutton
12:05:14.886716 - Elian Gallegos
12:05:14.897660 - Peter Jenkins
12:05:14.908914 - Osvaldo Michael
12:05:14.920727 - Cristian Castaneda
12:05:14.931951 - Ewan Richardson
12:05:14.944479 - Brent Phillips
12:05:14.955740 - Brent Phillips
12:05:14.967897 - Brent Phillips
12:05:14.978498 - Alec Hooper
12:05:14.990136 - Elian Gallegos
12:05:15.001956 - Brent Phillips
12:05:15.013372 - Alec Hooper
12:05:15.025348 - Cristian Castaneda
12:05:15.037009 - Freddie Morris
12:05:15.047645 - Peter Jenkins
12:05:15.058281 - Osvaldo Michael
12:05:15.070205 - Peter Jenkins
12:05:15.081030 - Osvaldo Michael
12:05:15.092849 - Jayden Sutton
12:05:15.103001 - Cristian Castaneda
12:05:15.115301 - Freddie Morris
12:05:15.125934 - Freddie Morris
12:05:15.138686 - Alec Hooper
12:05:15.150236 - Brent Phillips
12:05:15.161164 - Peter Jenkins
12:05:15.171655 - Cristian Castaneda
12:05:15.182381 - Elian Gallegos
12:05:15.193708 - Brent Phillips
12:05:15.203944 - Peter Jenkins
12:05:15.216044 - Elian Gallegos
12:05:15.228162 - Luca Cox
12:05:15.240139 - Cristian Castaneda
12:05:15.252071 - Peter Jenkins
12:05:15.262511 - Osvaldo Michael
12:05:15.274770 - Jayden Sutton
12:05:15.285427 - Freddie Morris
12:05:15.297639 - Ewan Richardson
12:05:15.309995 - Freddie Morris
12:05:15.322695 - Freddie Morris
12:05:15.333984 - Alec Hooper
12:05:15.346048 - Brent Phillips
12:05:15.357261 - Freddie Morris
12:05:15.367672 - Elian Gallegos
12:05:15.378071 - Osvaldo Michael
12:05:15.390220 - Luca Cox
12:05:15.402329 - Peter Jenkins
12:05:15.412766 - Peter Jenkins
12:05:15.423861 - Jayden Sutton
12:05:15.435545 - Elian Gallegos
12:05:15.447642 - Ewan Richardson
12:05:15.459604 - Jayden Sutton
12:05:15.472683 - Freddie Morris
12:05:15.483257 - Osvaldo Michael
12:05:15.494257 - Alec Hooper
12:05:15.506784 - Luca Cox
12:05:15.518509 - Jayden Sutton
12:05:15.528671 - Cristian Castaneda
12:05:15.540960 - Alec Hooper
12:05:15.552212 - Peter Jenkins
12:05:15.564810 - Luca Cox
12:05:15.575996 - Cristian Castaneda
12:05:15.586954 - Freddie Morris
12:05:15.597921 - Peter Jenkins
12:05:15.609015 - Jayden Sutton
12:05:15.620662 - Freddie Morris
12:05:15.630867 - Brent Phillips
12:05:15.643454 - Luca Cox
12:05:15.655564 - Peter Jenkins
12:05:15.666710 - Brent Phillips
12:05:15.677649 - Brent Phillips
12:05:15.690263 - Ewan Richardson
12:05:15.700617 - Alec Hooper
12:05:15.711440 - Brent Phillips
12:05:15.724104 - Luca Cox
12:05:15.734745 - Peter Jenkins
12:05:15.745439 - Elian Gallegos
12:05:15.755802 - Cristian Castaneda
12:05:15.768505 - Alec Hooper
12:05:15.780014 - Luca Cox
12:05:15.790771 - Peter Jenkins
12:05:15.801184 - Freddie Morris
12:05:15.813516 - Alec Hooper
12:05:15.826248 - Luca Cox
12:05:15.836903 - Freddie Morris
12:05:15.848644 - Luca Cox
12:05:15.859085 - Peter Jenkins
12:05:15.869454 - Cristian Castaneda
12:05:15.880626 - Luca Cox
12:05:15.893530 - Freddie Morris
12:05:15.905868 - Peter Jenkins
12:05:15.917740 - Alec Hooper
12:05:15.928174 - Peter Jenkins
12:05:15.940214 - Elian Gallegos
12:05:15.952914 - Cristian Castaneda
12:05:15.963944 - Freddie Morris
12:05:15.975112 - Alec Hooper
12:05:15.985536 - Luca Cox
12:05:15.997614 - Freddie Morris
12:05:16.010217 - Elian Gallegos
12:05:16.020622 - Brent Phillips
12:05:16.033240 - Jayden Sutton
12:05:16.044355 - Freddie Morris
12:05:16.055324 - Brent Phillips
12:05:16.065966 - Alec Hooper
12:05:16.076868 - Alec Hooper
12:05:16.089415 - Luca Cox
12:05:16.101578 - Elian Gallegos
12:05:16.111971 - Alec Hooper
12:05:16.123548 - Alec Hooper
12:05:16.134905 - Osvaldo Michael
12:05:16.147450 - Brent Phillips
12:05:16.158408 - Ewan Richardson
12:05:16.169055 - Cristian Castaneda
12:05:16.180045 - Brent Phillips
12:05:16.191363 - Cristian Castaneda
12:05:16.202878 - Elian Gallegos
12:05:16.213652 - Elian Gallegos
12:05:16.226378 - Freddie Morris
12:05:16.236627 - Jayden Sutton
12:05:16.247641 - Osvaldo Michael
12:05:16.260488 - Peter Jenkins
12:05:16.273351 - Brent Phillips
12:05:16.284610 - Alec Hooper
12:05:16.295742 - Alec Hooper
12:05:16.308433 - Jayden Sutton
12:05:16.318580 - Luca Cox
12:05:16.330488 - Luca Cox
12:05:16.341479 - Elian Gallegos
12:05:16.351742 - Peter Jenkins
12:05:16.362248 - Peter Jenkins
12:05:16.373863 - Brent Phillips
12:05:16.384128 - Ewan Richardson
12:05:16.394498 - Ewan Richardson
12:05:16.405843 - Cristian Castaneda
12:05:16.416866 - Freddie Morris
12:05:16.427519 - Elian Gallegos
12:05:16.437632 - Freddie Morris
12:05:16.449297 - Cristian Castaneda
12:05:16.459865 - Osvaldo Michael
12:05:16.472753 - Osvaldo Michael
12:05:16.484358 - Jayden Sutton
12:05:16.495817 - Brent Phillips
12:05:16.507090 - Elian Gallegos
12:05:16.517345 - Freddie Morris
12:05:16.528529 - Freddie Morris
12:05:16.540825 - Ewan Richardson
12:05:16.550963 - Alec Hooper
12:05:16.561530 - Cristian Castaneda
12:05:16.573895 - Alec Hooper
12:05:16.585081 - Cristian Castaneda
12:05:16.597684 - Elian Gallegos
12:05:16.609928 - Alec Hooper
12:05:16.621136 - Alec Hooper
12:05:16.631705 - Freddie Morris
12:05:16.643440 - Alec Hooper
12:05:16.654143 - Cristian Castaneda
12:05:16.666731 - Ewan Richardson
12:05:16.678621 - Ewan Richardson
12:05:16.690292 - Jayden Sutton
12:05:16.701152 - Ewan Richardson
12:05:16.711808 - Peter Jenkins
12:05:16.724573 - Brent Phillips
12:05:16.735145 - Luca Cox
12:05:16.747679 - Ewan Richardson
12:05:16.759583 - Cristian Castaneda
12:05:16.772288 - Osvaldo Michael
12:05:16.782423 - Elian Gallegos
12:05:16.793454 - Ewan Richardson
12:05:16.806161 - Ewan Richardson
12:05:16.817613 - Ewan Richardson
12:05:16.828844 - Ewan Richardson
12:05:16.840481 - Luca Cox
12:05:16.852335 - Osvaldo Michael
12:05:16.862809 - Alec Hooper
12:05:16.873785 - Peter Jenkins
12:05:16.883995 - Peter Jenkins
12:05:16.894635 - Brent Phillips
12:05:16.907364 - Jayden Sutton
12:05:16.917877 - Elian Gallegos
12:05:16.929412 - Freddie Morris
12:05:16.941602 - Cristian Castaneda
12:05:16.954180 - Brent Phillips
